# JRE version: OpenJDK Runtime Environment (8.0_242) (build 1.8.0_242-release-1644-b3-6915495)
# Java VM: OpenJDK 64-Bit Server VM (25.242-b3-6915495 mixed mode bsd-amd64 compressed oops)
Heap:
 PSYoungGen      total 361984K, used 314651K [0x0000000795580000, 0x00000007b1c80000, 0x00000007c0000000)
  eden space 290816K, 91% used [0x0000000795580000,0x00000007a58ad850,0x00000007a7180000)
  from space 71168K, 69% used [0x00000007a7180000,0x00000007aa199738,0x00000007ab700000)
  to   space 73728K, 0% used [0x00000007ad480000,0x00000007ad480000,0x00000007b1c80000)
 ParOldGen       total 210432K, used 68088K [0x0000000740000000, 0x000000074cd80000, 0x0000000795580000)
  object space 210432K, 32% used [0x0000000740000000,0x000000074427e068,0x000000074cd80000)
 Metaspace       used 101942K, capacity 109776K, committed 109992K, reserved 1144832K
  class space    used 13129K, capacity 14436K, committed 14512K, reserved 1048576K
GC Heap History (10 events):
Event: 2759.601 GC heap before
{Heap before GC invocations=23 (full 4):
 PSYoungGen      total 295424K, used 279900K [0x0000000795580000, 0x00000007aba00000, 0x00000007c0000000)
  eden space 243712K, 100% used [0x0000000795580000,0x00000007a4380000,0x00000007a4380000)
  from space 51712K, 69% used [0x00000007a7880000,0x00000007a9bd7188,0x00000007aab00000)
  to   space 54272K, 0% used [0x00000007a4380000,0x00000007a4380000,0x00000007a7880000)
 ParOldGen       total 210432K, used 64920K [0x0000000740000000, 0x000000074cd80000, 0x0000000795580000)
  object space 210432K, 30% used [0x0000000740000000,0x0000000743f66210,0x000000074cd80000)
 Metaspace       used 98350K, capacity 104398K, committed 104616K, reserved 1140736K
  class space    used 12713K, capacity 13737K, committed 13744K, reserved 1048576K
Event: 2759.659 GC heap after
Heap after GC invocations=23 (full 4):
 PSYoungGen      total 297984K, used 28727K [0x0000000795580000, 0x00000007ac400000, 0x00000007c0000000)
  eden space 243712K, 0% used [0x0000000795580000,0x0000000795580000,0x00000007a4380000)
  from space 54272K, 52% used [0x00000007a4380000,0x00000007a5f8dea0,0x00000007a7880000)
  to   space 52736K, 0% used [0x00000007a9080000,0x00000007a9080000,0x00000007ac400000)
 ParOldGen       total 210432K, used 64928K [0x0000000740000000, 0x000000074cd80000, 0x0000000795580000)
  object space 210432K, 30% used [0x0000000740000000,0x0000000743f68210,0x000000074cd80000)
 Metaspace       used 98350K, capacity 104398K, committed 104616K, reserved 1140736K
  class space    used 12713K, capacity 13737K, committed 13744K, reserved 1048576K
}
Event: 2764.359 GC heap before
{Heap before GC invocations=24 (full 4):
 PSYoungGen      total 297984K, used 272439K [0x0000000795580000, 0x00000007ac400000, 0x00000007c0000000)
  eden space 243712K, 100% used [0x0000000795580000,0x00000007a4380000,0x00000007a4380000)
  from space 54272K, 52% used [0x00000007a4380000,0x00000007a5f8dea0,0x00000007a7880000)
  to   space 52736K, 0% used [0x00000007a9080000,0x00000007a9080000,0x00000007ac400000)
 ParOldGen       total 210432K, used 64928K [0x0000000740000000, 0x000000074cd80000, 0x0000000795580000)
  object space 210432K, 30% used [0x0000000740000000,0x0000000743f68210,0x000000074cd80000)
 Metaspace       used 99655K, capacity 105754K, committed 105896K, reserved 1140736K
  class space    used 12827K, capacity 13873K, committed 14000K, reserved 1048576K
Event: 2764.490 GC heap after
Heap after GC invocations=24 (full 4):
 PSYoungGen      total 313856K, used 52719K [0x0000000795580000, 0x00000007ae100000, 0x00000007c0000000)
  eden space 261120K, 0% used [0x0000000795580000,0x0000000795580000,0x00000007a5480000)
  from space 52736K, 99% used [0x00000007a9080000,0x00000007ac3fbcc0,0x00000007ac400000)
  to   space 61440K, 0% used [0x00000007a5480000,0x00000007a5480000,0x00000007a9080000)
 ParOldGen       total 210432K, used 68072K [0x0000000740000000, 0x000000074cd80000, 0x0000000795580000)
  object space 210432K, 32% used [0x0000000740000000,0x000000074427a068,0x000000074cd80000)
 Metaspace       used 99655K, capacity 105754K, committed 105896K, reserved 1140736K
  class space    used 12827K, capacity 13873K, committed 14000K, reserved 1048576K
}
Event: 2813.832 GC heap before
{Heap before GC invocations=25 (full 4):
 PSYoungGen      total 313856K, used 313839K [0x0000000795580000, 0x00000007ae100000, 0x00000007c0000000)
  eden space 261120K, 100% used [0x0000000795580000,0x00000007a5480000,0x00000007a5480000)
  from space 52736K, 99% used [0x00000007a9080000,0x00000007ac3fbcc0,0x00000007ac400000)
  to   space 61440K, 0% used [0x00000007a5480000,0x00000007a5480000,0x00000007a9080000)
 ParOldGen       total 210432K, used 68072K [0x0000000740000000, 0x000000074cd80000, 0x0000000795580000)
  object space 210432K, 32% used [0x0000000740000000,0x000000074427a068,0x000000074cd80000)
 Metaspace       used 99924K, capacity 106094K, committed 106408K, reserved 1142784K
  class space    used 12828K, capacity 13873K, committed 14000K, reserved 1048576K
Event: 2813.913 GC heap after
Heap after GC invocations=25 (full 4):
 PSYoungGen      total 322560K, used 54952K [0x0000000795580000, 0x00000007afc00000, 0x00000007c0000000)
  eden space 261120K, 0% used [0x0000000795580000,0x0000000795580000,0x00000007a5480000)
  from space 61440K, 89% used [0x00000007a5480000,0x00000007a8a2a000,0x00000007a9080000)
  to   space 68096K, 0% used [0x00000007ab980000,0x00000007ab980000,0x00000007afc00000)
 ParOldGen       total 210432K, used 68080K [0x0000000740000000, 0x000000074cd80000, 0x0000000795580000)
  object space 210432K, 32% used [0x0000000740000000,0x000000074427c068,0x000000074cd80000)
 Metaspace       used 99924K, capacity 106094K, committed 106408K, reserved 1142784K
  class space    used 12828K, capacity 13873K, committed 14000K, reserved 1048576K
}
Event: 3016.683 GC heap before
{Heap before GC invocations=26 (full 4):
 PSYoungGen      total 322560K, used 316072K [0x0000000795580000, 0x00000007afc00000, 0x00000007c0000000)
  eden space 261120K, 100% used [0x0000000795580000,0x00000007a5480000,0x00000007a5480000)
  from space 61440K, 89% used [0x00000007a5480000,0x00000007a8a2a000,0x00000007a9080000)
  to   space 68096K, 0% used [0x00000007ab980000,0x00000007ab980000,0x00000007afc00000)
 ParOldGen       total 210432K, used 68080K [0x0000000740000000, 0x000000074cd80000, 0x0000000795580000)
  object space 210432K, 32% used [0x0000000740000000,0x000000074427c068,0x000000074cd80000)
 Metaspace       used 100113K, capacity 106266K, committed 106664K, reserved 1142784K
  class space    used 12832K, capacity 13879K, committed 14000K, reserved 1048576K
Event: 3016.844 GC heap after
Heap after GC invocations=26 (full 4):
 PSYoungGen      total 358912K, used 48796K [0x0000000795580000, 0x00000007afc80000, 0x00000007c0000000)
  eden space 290816K, 0% used [0x0000000795580000,0x0000000795580000,0x00000007a7180000)
  from space 68096K, 71% used [0x00000007ab980000,0x00000007ae927268,0x00000007afc00000)
  to   space 71168K, 0% used [0x00000007a7180000,0x00000007a7180000,0x00000007ab700000)
 ParOldGen       total 210432K, used 68080K [0x0000000740000000, 0x000000074cd80000, 0x0000000795580000)
  object space 210432K, 32% used [0x0000000740000000,0x000000074427c068,0x000000074cd80000)
 Metaspace       used 100113K, capacity 106266K, committed 106664K, reserved 1142784K
  class space    used 12832K, capacity 13879K, committed 14000K, reserved 1048576K
}
Event: 3398.095 GC heap before
{Heap before GC invocations=27 (full 4):
 PSYoungGen      total 358912K, used 339612K [0x0000000795580000, 0x00000007afc80000, 0x00000007c0000000)
  eden space 290816K, 100% used [0x0000000795580000,0x00000007a7180000,0x00000007a7180000)
  from space 68096K, 71% used [0x00000007ab980000,0x00000007ae927268,0x00000007afc00000)
  to   space 71168K, 0% used [0x00000007a7180000,0x00000007a7180000,0x00000007ab700000)
 ParOldGen       total 210432K, used 68080K [0x0000000740000000, 0x000000074cd80000, 0x0000000795580000)
  object space 210432K, 32% used [0x0000000740000000,0x000000074427c068,0x000000074cd80000)
 Metaspace       used 100320K, capacity 106570K, committed 106920K, reserved 1142784K
  class space    used 12836K, capacity 13885K, committed 14000K, reserved 1048576K
Event: 3398.482 GC heap after
Heap after GC invocations=27 (full 4):
 PSYoungGen      total 361984K, used 49253K [0x0000000795580000, 0x00000007b1c80000, 0x00000007c0000000)
  eden space 290816K, 0% used [0x0000000795580000,0x0000000795580000,0x00000007a7180000)
  from space 71168K, 69% used [0x00000007a7180000,0x00000007aa199738,0x00000007ab700000)
  to   space 73728K, 0% used [0x00000007ad480000,0x00000007ad480000,0x00000007b1c80000)
 ParOldGen       total 210432K, used 68088K [0x0000000740000000, 0x000000074cd80000, 0x0000000795580000)
  object space 210432K, 32% used [0x0000000740000000,0x000000074427e068,0x000000074cd80000)
 Metaspace       used 100320K, capacity 106570K, committed 106920K, reserved 1142784K
  class space    used 12836K, capacity 13885K, committed 14000K, reserved 1048576K
}

